<?xml version="1.0" encoding="UTF-8"?>
<testng-results ignored="0" total="1" passed="1" failed="0" skipped="0">
  <reporter-output>
  </reporter-output>
  <suite started-at="2023-01-18T08:49:49 IST" name="Default suite" finished-at="2023-01-18T08:50:17 IST" duration-ms="27743">
    <groups>
    </groups>
    <test started-at="2023-01-18T08:49:49 IST" name="Default test" finished-at="2023-01-18T08:50:17 IST" duration-ms="27743">
      <class name="automationTests.Selenium">
        <test-method is-config="true" signature="setUp()[pri:0, instance:automationTests.Selenium@72d1ad2e]" started-at="2023-01-18T08:49:49 IST" name="setUp" finished-at="2023-01-18T08:49:56 IST" duration-ms="7036" status="PASS">
          <reporter-output>
          </reporter-output>
        </test-method> <!-- setUp -->
        <test-method signature="testAddToCart()[pri:0, instance:automationTests.Selenium@72d1ad2e]" started-at="2023-01-18T08:49:56 IST" name="testAddToCart" finished-at="2023-01-18T08:50:16 IST" duration-ms="19407" status="PASS">
          <reporter-output>
          </reporter-output>
        </test-method> <!-- testAddToCart -->
        <test-method is-config="true" signature="tearDown()[pri:0, instance:automationTests.Selenium@72d1ad2e]" started-at="2023-01-18T08:50:16 IST" name="tearDown" finished-at="2023-01-18T08:50:17 IST" duration-ms="1253" status="PASS">
          <reporter-output>
          </reporter-output>
        </test-method> <!-- tearDown -->
      </class> <!-- automationTests.Selenium -->
    </test> <!-- Default test -->
  </suite> <!-- Default suite -->
</testng-results>
