<?xml version="1.0" encoding="UTF-8"?>
<testng-results ignored="0" total="1" passed="1" failed="0" skipped="0">
  <reporter-output>
  </reporter-output>
  <suite started-at="2023-01-19T13:58:15 IST" name="Default suite" finished-at="2023-01-19T13:58:59 IST" duration-ms="44265">
    <groups>
    </groups>
    <test started-at="2023-01-19T13:58:15 IST" name="Default test" finished-at="2023-01-19T13:58:59 IST" duration-ms="44265">
      <class name="automationTests.Selenium">
        <test-method is-config="true" signature="setUp()[pri:0, instance:automationTests.Selenium@72d1ad2e]" started-at="2023-01-19T13:58:15 IST" name="setUp" finished-at="2023-01-19T13:58:22 IST" duration-ms="7103" status="PASS">
          <reporter-output>
          </reporter-output>
        </test-method> <!-- setUp -->
        <test-method signature="testAddToCart()[pri:0, instance:automationTests.Selenium@72d1ad2e]" started-at="2023-01-19T13:58:22 IST" name="testAddToCart" finished-at="2023-01-19T13:58:58 IST" duration-ms="35793" status="PASS">
          <reporter-output>
          </reporter-output>
        </test-method> <!-- testAddToCart -->
        <test-method is-config="true" signature="tearDown()[pri:0, instance:automationTests.Selenium@72d1ad2e]" started-at="2023-01-19T13:58:58 IST" name="tearDown" finished-at="2023-01-19T13:58:59 IST" duration-ms="1324" status="PASS">
          <reporter-output>
          </reporter-output>
        </test-method> <!-- tearDown -->
      </class> <!-- automationTests.Selenium -->
    </test> <!-- Default test -->
  </suite> <!-- Default suite -->
</testng-results>
